{
  "stats": {
    "suites": 1,
    "tests": 3,
    "passes": 3,
    "pending": 0,
    "failures": 0,
    "start": "2024-11-01T15:03:44.318Z",
    "end": "2024-11-01T15:04:05.749Z",
    "duration": 21431,
    "testsRegistered": 3,
    "passPercent": 100,
    "pendingPercent": 0,
    "other": 0,
    "hasOther": false,
    "skipped": 0,
    "hasSkipped": false
  },
  "results": [
    {
      "uuid": "dd27f721-1ebf-4db8-9ed0-a3f1f70c85b7",
      "title": "",
      "fullFile": "cypress\\e2e\\agenda\\contatos.cy.ts",
      "file": "cypress\\e2e\\agenda\\contatos.cy.ts",
      "beforeHooks": [],
      "afterHooks": [],
      "tests": [],
      "suites": [
        {
          "uuid": "282982a2-af8f-4a6a-9027-bf8aa40ef20a",
          "title": "teste p/ manipulacao da agenda",
          "fullFile": "",
          "file": "",
          "beforeHooks": [],
          "afterHooks": [],
          "tests": [
            {
              "title": "teste adicionando contato",
              "fullTitle": "teste p/ manipulacao da agenda teste adicionando contato",
              "timedOut": null,
              "duration": 6938,
              "state": "passed",
              "speed": "medium",
              "pass": true,
              "fail": false,
              "pending": false,
              "context": null,
              "code": "// inserindo input\npreencherValores('fulano', 'fulano@email.com', '34988888888');\n// efetuando click\ncy.get('.adicionar').click();\n// validacao\nvalidaUltimoElemento('fulano');",
              "err": {},
              "uuid": "e2306742-8f0a-405e-bf1f-2601ad37b4aa",
              "parentUUID": "282982a2-af8f-4a6a-9027-bf8aa40ef20a",
              "isHook": false,
              "skipped": false
            },
            {
              "title": "teste editando contato",
              "fullTitle": "teste p/ manipulacao da agenda teste editando contato",
              "timedOut": null,
              "duration": 7416,
              "state": "passed",
              "speed": "medium",
              "pass": true,
              "fail": false,
              "pending": false,
              "context": null,
              "code": "// click p/ comecar edicao contato\ncy.get('.edit').last().click();\n// inserindo input\npreencherValores('fulano editado', 'fulanoeditado@email.com', '34999999999');\n// efetuando click\ncy.get('.alterar').click();\n// validacao\nvalidaUltimoElemento('fulano editado');",
              "err": {},
              "uuid": "78c10e63-488e-4c0a-9474-535373ffedc0",
              "parentUUID": "282982a2-af8f-4a6a-9027-bf8aa40ef20a",
              "isHook": false,
              "skipped": false
            },
            {
              "title": "teste removendo contato",
              "fullTitle": "teste p/ manipulacao da agenda teste removendo contato",
              "timedOut": null,
              "duration": 5673,
              "state": "passed",
              "speed": "medium",
              "pass": true,
              "fail": false,
              "pending": false,
              "context": null,
              "code": "// pega quantos itens tem na lista\ncy.get('.sc-eDDNvR').its('length').then(function (count) {\n    var numeroDeItens = count;\n    // executa clique\n    cy.get('.delete').last().click();\n    // expectativa\n    cy.get('.sc-eDDNvR').should('have.length', numeroDeItens - 1);\n    // tira print\n    cy.screenshot();\n});",
              "err": {},
              "uuid": "2e440a22-f379-46cb-ab71-efec6b8f6cd8",
              "parentUUID": "282982a2-af8f-4a6a-9027-bf8aa40ef20a",
              "isHook": false,
              "skipped": false
            }
          ],
          "suites": [],
          "passes": [
            "e2306742-8f0a-405e-bf1f-2601ad37b4aa",
            "78c10e63-488e-4c0a-9474-535373ffedc0",
            "2e440a22-f379-46cb-ab71-efec6b8f6cd8"
          ],
          "failures": [],
          "pending": [],
          "skipped": [],
          "duration": 20027,
          "root": false,
          "rootEmpty": false,
          "_timeout": 2000
        }
      ],
      "passes": [],
      "failures": [],
      "pending": [],
      "skipped": [],
      "duration": 0,
      "root": true,
      "rootEmpty": true,
      "_timeout": 2000
    }
  ],
  "meta": {
    "mocha": {
      "version": "7.0.1"
    },
    "mochawesome": {
      "options": {
        "quiet": false,
        "reportFilename": "mochawesome",
        "saveHtml": true,
        "saveJson": true,
        "consoleReporter": "spec",
        "useInlineDiffs": false,
        "code": true
      },
      "version": "7.1.3"
    },
    "marge": {
      "options": {
        "reportDir": "cypress/relatorio",
        "overwrite": true,
        "html": true,
        "josn": false,
        "timestamp": "ddmmyyyy_HHMMss"
      },
      "version": "6.2.0"
    }
  }
}